2018-09-30T03:57:00.518869Z 0 [Warning] TIMESTAMP with implicit DEFAULT value is deprecated. Please use --explicit_defaults_for_timestamp server option (see documentation for more details).
2018-09-30T03:57:00.519188Z 0 [Note] /usr/sbin/mysqld (mysqld 5.7.23) starting as process 41 ...
2018-09-30T03:57:00.526609Z 0 [Note] InnoDB: PUNCH HOLE support available
2018-09-30T03:57:00.526628Z 0 [Note] InnoDB: Mutexes and rw_locks use GCC atomic builtins
2018-09-30T03:57:00.526631Z 0 [Note] InnoDB: Uses event mutexes
2018-09-30T03:57:00.526633Z 0 [Note] InnoDB: GCC builtin __atomic_thread_fence() is used for memory barrier
2018-09-30T03:57:00.526635Z 0 [Note] InnoDB: Compressed tables use zlib 1.2.3
2018-09-30T03:57:00.526637Z 0 [Note] InnoDB: Using Linux native AIO
2018-09-30T03:57:00.527057Z 0 [Note] InnoDB: Number of pools: 1
2018-09-30T03:57:00.527295Z 0 [Note] InnoDB: Using CPU crc32 instructions
2018-09-30T03:57:00.535769Z 0 [Note] InnoDB: Initializing buffer pool, total size = 32M, instances = 1, chunk size = 32M
2018-09-30T03:57:00.536817Z 0 [Note] InnoDB: Completed initialization of buffer pool
2018-09-30T03:57:00.551108Z 0 [Note] InnoDB: If the mysqld execution user is authorized, page cleaner thread priority can be changed. See the man page of setpriority().
2018-09-30T03:57:00.562658Z 0 [Note] InnoDB: Highest supported file format is Barracuda.
2018-09-30T03:57:00.562921Z 0 [Note] InnoDB: Log scan progressed past the checkpoint lsn 2588963
2018-09-30T03:57:00.562929Z 0 [Note] InnoDB: Doing recovery: scanned up to log sequence number 2591784
2018-09-30T03:57:00.563126Z 0 [Note] InnoDB: Database was not shutdown normally!
2018-09-30T03:57:00.563131Z 0 [Note] InnoDB: Starting crash recovery.
2018-09-30T03:57:00.702535Z 0 [Note] InnoDB: Starting an apply batch of log records to the database...
InnoDB: Progress in percent: 27 28 29 30 31 32 33 34 35 36 37 38 39 40 41 42 43 44 45 46 47 48 49 50 51 52 53 54 55 56 57 58 59 60 61 62 63 64 65 66 67 68 69 70 71 72 73 74 75 76 77 78 79 80 81 82 83 84 85 86 87 88 89 90 91 92 93 94 95 96 97 98 99 
2018-09-30T03:57:00.706090Z 0 [Note] InnoDB: Apply batch completed
2018-09-30T03:57:00.810460Z 0 [Note] InnoDB: Removed temporary tablespace data file: "ibtmp1"
2018-09-30T03:57:00.810478Z 0 [Note] InnoDB: Creating shared tablespace for temporary tables
2018-09-30T03:57:00.810522Z 0 [Note] InnoDB: Setting file './ibtmp1' size to 12 MB. Physically writing the file full; Please wait ...
2018-09-30T03:57:00.845520Z 0 [Note] InnoDB: File './ibtmp1' size is now 12 MB.
2018-09-30T03:57:00.846440Z 0 [Note] InnoDB: 96 redo rollback segment(s) found. 96 redo rollback segment(s) are active.
2018-09-30T03:57:00.846450Z 0 [Note] InnoDB: 32 non-redo rollback segment(s) are active.
2018-09-30T03:57:00.846645Z 0 [Note] InnoDB: Waiting for purge to start
2018-09-30T03:57:00.899490Z 0 [Note] InnoDB: 5.7.23 started; log sequence number 2591784
2018-09-30T03:57:00.903667Z 0 [Note] InnoDB: Loading buffer pool(s) from /var/lib/mysql/ib_buffer_pool
2018-09-30T03:57:00.904588Z 0 [Note] Plugin 'FEDERATED' is disabled.
2018-09-30T03:57:00.904838Z 0 [Note] InnoDB: Buffer pool(s) load completed at 180930  3:57:00
2018-09-30T03:57:00.919307Z 0 [Warning] Failed to set up SSL because of the following SSL library error: SSL context is not usable without certificate and private key
2018-09-30T03:57:00.919321Z 0 [Note] Server hostname (bind-address): '*'; port: 3306
2018-09-30T03:57:00.919840Z 0 [Note] IPv6 is available.
2018-09-30T03:57:00.920360Z 0 [Note]   - '::' resolves to '::';
2018-09-30T03:57:00.920369Z 0 [Note] Server socket created on IP: '::'.
2018-09-30T03:57:00.923031Z 0 [Warning] Insecure configuration for --pid-file: Location '/var/run/mysqld' in the path is accessible to all OS users. Consider choosing a different directory.
2018-09-30T03:57:00.924502Z 0 [ERROR] /usr/sbin/mysqld: Table './mysql/user' is marked as crashed and should be repaired
2018-09-30T03:57:00.924614Z 0 [Warning] Checking table:   './mysql/user'
2018-09-30T03:57:00.924623Z 0 [ERROR] 1 client is using or hasn't closed the table properly
2018-09-30T03:57:00.927135Z 0 [Warning] 'user' entry 'root@localhost' ignored in --skip-name-resolve mode.
2018-09-30T03:57:00.927159Z 0 [Warning] 'user' entry 'mysql.session@localhost' ignored in --skip-name-resolve mode.
2018-09-30T03:57:00.927163Z 0 [Warning] 'user' entry 'mysql.sys@localhost' ignored in --skip-name-resolve mode.
2018-09-30T03:57:00.927174Z 0 [Warning] 'db' entry 'performance_schema mysql.session@localhost' ignored in --skip-name-resolve mode.
2018-09-30T03:57:00.927177Z 0 [Warning] 'db' entry 'sys mysql.sys@localhost' ignored in --skip-name-resolve mode.
2018-09-30T03:57:00.927182Z 0 [Warning] 'proxies_priv' entry '@ root@localhost' ignored in --skip-name-resolve mode.
2018-09-30T03:57:00.928089Z 0 [Warning] 'tables_priv' entry 'user mysql.session@localhost' ignored in --skip-name-resolve mode.
2018-09-30T03:57:00.928097Z 0 [Warning] 'tables_priv' entry 'sys_config mysql.sys@localhost' ignored in --skip-name-resolve mode.
2018-09-30T03:57:00.953594Z 0 [Note] Event Scheduler: Loaded 0 events
2018-09-30T03:57:00.967709Z 0 [Note] /usr/sbin/mysqld: ready for connections.
Version: '5.7.23'  socket: '/var/run/mysqld/mysqld.sock'  port: 3306  MySQL Community Server (GPL)
2018-09-30T03:57:01.339042Z 4 [ERROR] /usr/sbin/mysqld: Table './mysql/proc' is marked as crashed and should be repaired
2018-09-30T03:57:01.339124Z 4 [Warning] Checking table:   './mysql/proc'
2018-09-30T03:57:01.375084Z 6 [Warning] 'user' entry 'root@localhost' ignored in --skip-name-resolve mode.
2018-09-30T03:57:01.375101Z 6 [Warning] 'user' entry 'mysql.session@localhost' ignored in --skip-name-resolve mode.
2018-09-30T03:57:01.375106Z 6 [Warning] 'user' entry 'mysql.sys@localhost' ignored in --skip-name-resolve mode.
2018-09-30T03:57:01.375116Z 6 [Warning] 'db' entry 'performance_schema mysql.session@localhost' ignored in --skip-name-resolve mode.
2018-09-30T03:57:01.375119Z 6 [Warning] 'db' entry 'sys mysql.sys@localhost' ignored in --skip-name-resolve mode.
2018-09-30T03:57:01.375124Z 6 [Warning] 'proxies_priv' entry '@ root@localhost' ignored in --skip-name-resolve mode.
2018-09-30T03:57:01.375216Z 6 [Warning] 'tables_priv' entry 'user mysql.session@localhost' ignored in --skip-name-resolve mode.
2018-09-30T03:57:01.375222Z 6 [Warning] 'tables_priv' entry 'sys_config mysql.sys@localhost' ignored in --skip-name-resolve mode.
2018-10-01T10:00:08.267371Z 0 [Note] InnoDB: page_cleaner: 1000ms intended loop took 28207853ms. The settings might not be optimal. (flushed=0 and evicted=0, during the time.)
